<?xml version="1.0" encoding="UTF-8"?>
<!-- Generated by org.testng.reporters.JUnitReportReporter -->
<testsuite skipped="0" hostname="LP-H7T2WQ1" name="com.qa.basetest.test1" tests="1" failures="0" timestamp="06 Jan 2020 10:12:12 GMT" time="0.034" errors="0">
  <testcase name="loadtest" time="0.034" classname="com.qa.basetest.test1"/>
</testsuite> <!-- com.qa.basetest.test1 -->
