<?xml version="1.0" encoding="UTF-8"?>
<!-- Generated by org.testng.reporters.JUnitReportReporter -->
<testsuite skipped="0" hostname="LP-CNU3099WJB" name="com.qa.pages.test1" tests="1" failures="0" timestamp="07 Jan 2020 06:57:21 GMT" time="2.136" errors="0">
  <testcase name="test_Home_Page_Appear_Correct" time="2.136" classname="com.qa.pages.test1"/>
</testsuite> <!-- com.qa.pages.test1 -->
