<?xml version="1.0" encoding="UTF-8"?>
<!-- Generated by org.testng.reporters.JUnitReportReporter -->
<testsuite skipped="0" hostname="LP-5CG51721SD" name="com.qa.test.NopcommerceVanvigation" tests="1" failures="0" timestamp="10 Jan 2020 05:44:16 GMT" time="0.012" errors="0">
  <testcase name="NopcommerceNanvigation1" time="0.012" classname="com.qa.test.NopcommerceVanvigation"/>
</testsuite> <!-- com.qa.test.NopcommerceVanvigation -->
