<?xml version="1.0" encoding="UTF-8"?>
<!-- Generated by org.testng.reporters.JUnitReportReporter -->
<testsuite skipped="0" hostname="DESKTOP-CMVDR4G" name="com.qa.Resource.ReadExcel" tests="1" failures="0" timestamp="08 Jan 2020 07:01:27 GMT" time="1.150" errors="0">
  <testcase name="Single" time="1.150" classname="com.qa.Resource.ReadExcel"/>
</testsuite> <!-- com.qa.Resource.ReadExcel -->
